ACE Course 08:53PM on October 11,2017
ACE Course 08:54PM on October 11,2017
机器人账号自身 09:11PM on October 11,2017
Hi 11:00PM on October 11,2017
ace course 11:00PM on October 11,2017
Hello 12:31AM on October 12,2017
Hello 12:31AM on October 12,2017
ace course 12:32AM on October 12,2017
ace course 12:32AM on October 12,2017
<Friend: KL>:Hihi 12:47AM on October 12,2017
Hihi 12:47AM on October 12,2017
<Friend: KL>:Hello world 12:48AM on October 12,2017
Hello world 12:48AM on October 12,2017
ace course你好 12:50AM on October 12,2017
<Friend: KL>:雷 01:06AM on October 12,2017
<Friend: KL>:雷 01:09AM on October 12,2017
<Friend: KL>:雷制度 01:09AM on October 12,2017
<Friend: KL>:Hi 05:00PM on October 12,2017
<Friend: KL>:报名 05:02PM on October 12,2017
<Friend: KL>:help 05:02PM on October 12,2017
<Friend: KL>:ace course 05:02PM on October 12,2017
<Friend: KL>:hi 05:38PM on October 12,2017
<Friend: KL>:help 05:38PM on October 12,2017
<Friend: KL>:hi 05:38PM on October 12,2017
<Friend: KL>:help 05:39PM on October 12,2017
<Friend: KL>:course 05:39PM on October 12,2017
<Friend: KL>:help 05:39PM on October 12,2017
