微信机械人启动于08:28PM on October 12,2017 08:28PM on October 12,2017
微信机械人启动于08:34PM on October 12,2017 08:34PM on October 12,2017
ok 08:38PM on October 12,2017
ok 08:44PM on October 12,2017
ok 08:50PM on October 12,2017
ok 08:54PM on October 12,2017
ok 09:32PM on October 12,2017
ok 09:34PM on October 12,2017
ok 09:35PM on October 12,2017
ok 09:36PM on October 12,2017
ok 09:38PM on October 12,2017
ok 09:39PM on October 12,2017
ok 09:40PM on October 12,2017
ok 09:43PM on October 12,2017
No 09:43PM on October 12,2017
ok 09:44PM on October 12,2017
test 09:44PM on October 12,2017
ok 09:44PM on October 12,2017
Help 09:44PM on October 12,2017
ok 09:44PM on October 12,2017
help 09:44PM on October 12,2017
ok 09:45PM on October 12,2017
help 09:45PM on October 12,2017
ok 09:45PM on October 12,2017
course 09:45PM on October 12,2017
ok 09:54PM on October 12,2017
Hi 09:54PM on October 12,2017
ok 10:01PM on October 12,2017
test 10:01PM on October 12,2017
ok 10:10PM on October 12,2017
test 10:10PM on October 12,2017
ok 10:11PM on October 12,2017
微信机械人启动于11:07PM on October 12,2017 11:07PM on October 12,2017
微信机械人启动于11:12PM on October 12,2017 11:12PM on October 12,2017
微信机械人启动于11:17PM on October 12,2017 11:17PM on October 12,2017
微信机械人启动于11:19PM on October 12,2017 11:19PM on October 12,2017
微信机械人启动于11:20PM on October 12,2017 11:20PM on October 12,2017
ok 11:22PM on October 12,2017
Hi 11:22PM on October 12,2017
ok 11:23PM on October 12,2017
test 11:23PM on October 12,2017
ok 11:24PM on October 12,2017
ok 11:24PM on October 12,2017
test 11:24PM on October 12,2017
Hi 11:24PM on October 12,2017
ok 11:24PM on October 12,2017
course 11:24PM on October 12,2017
ok 11:27PM on October 12,2017
test 11:27PM on October 12,2017
ok 11:28PM on October 12,2017
help 11:28PM on October 12,2017
ok 11:30PM on October 12,2017
help 11:30PM on October 12,2017
ok 11:31PM on October 12,2017
test 11:31PM on October 12,2017
ok 11:31PM on October 12,2017
help 11:31PM on October 12,2017
ok 11:36PM on October 12,2017
help 11:36PM on October 12,2017
ok 11:37PM on October 12,2017
test 11:37PM on October 12,2017
ok 11:40PM on October 12,2017
test 11:40PM on October 12,2017
ok 11:42PM on October 12,2017
test 11:42PM on October 12,2017
ok 11:44PM on October 12,2017
test 11:44PM on October 12,2017
ok 11:45PM on October 12,2017
test 11:45PM on October 12,2017
ok 11:45PM on October 12,2017
help 11:45PM on October 12,2017
ok 11:46PM on October 12,2017
test 11:46PM on October 12,2017
ok 11:47PM on October 12,2017
test 11:47PM on October 12,2017
ok 11:49PM on October 12,2017
ok 11:51PM on October 12,2017
ok 11:52PM on October 12,2017
test 11:52PM on October 12,2017
ok 11:53PM on October 12,2017
test 11:53PM on October 12,2017
ok 11:55PM on October 12,2017
test 11:55PM on October 12,2017
微信机械人启动于11:56PM on October 12,2017 11:56PM on October 12,2017
微信机械人启动于11:56PM on October 12,2017 11:56PM on October 12,2017
微信机械人启动于11:57PM on October 12,2017 11:57PM on October 12,2017
ok 12:01AM on October 13,2017
test 12:01AM on October 13,2017
ok 12:02AM on October 13,2017
ok 12:02AM on October 13,2017
help 12:02AM on October 13,2017
Hi 12:02AM on October 13,2017
ok 12:05AM on October 13,2017
test 12:05AM on October 13,2017
ok 12:08AM on October 13,2017
test 12:08AM on October 13,2017
ok 12:11AM on October 13,2017
ok 01:31AM on October 13,2017
test 01:31AM on October 13,2017
ok 01:32AM on October 13,2017
ok 08:41AM on October 13,2017
test 08:41AM on October 13,2017
ok 10:10AM on October 13,2017
ok 10:10AM on October 13,2017
ok 10:16AM on October 13,2017
ok 10:16AM on October 13,2017
I will send link to teachers who use andorid  10:16AM on October 13,2017
remind IOS install 10:16AM on October 13,2017
ok 10:17AM on October 13,2017
test 10:17AM on October 13,2017
ok 10:24AM on October 13,2017
ok 10:25AM on October 13,2017
yes, maybe 3 or 4 10:25AM on October 13,2017
ok 10:25AM on October 13,2017
William is Ios 10:25AM on October 13,2017
ok 10:26AM on October 13,2017
I have told him  10:26AM on October 13,2017
ok 10:26AM on October 13,2017
yes 10:26AM on October 13,2017
ok 10:26AM on October 13,2017
After class I will help TK 10:26AM on October 13,2017
ok 10:28AM on October 13,2017
ok 10:28AM on October 13,2017
ok 10:30AM on October 13,2017
OK，BTW Monday KP will provide lecture of ispace for UIC teachers maybe they can participate it 10:30AM on October 13,2017
ok 10:30AM on October 13,2017
at 10.17 10:30AM on October 13,2017
ok 10:30AM on October 13,2017
Tuesday 10:30AM on October 13,2017
ok 01:22PM on October 13,2017
test 01:22PM on October 13,2017
ok 01:24PM on October 13,2017
ok 01:24PM on October 13,2017
ok 01:25PM on October 13,2017
ok 01:26PM on October 13,2017
ok 01:26PM on October 13,2017
ok 01:26PM on October 13,2017
ok 01:31PM on October 13,2017
ok 01:35PM on October 13,2017
ok 01:35PM on October 13,2017
ok 01:37PM on October 13,2017
ok 01:38PM on October 13,2017
ok 02:26PM on October 13,2017
ok 02:26PM on October 13,2017
ok 02:28PM on October 13,2017
ok 03:20PM on October 13,2017
ok 03:40PM on October 13,2017
he is working on it 03:40PM on October 13,2017
ok 03:43PM on October 13,2017
ok 03:43PM on October 13,2017
ok 03:49PM on October 13,2017
ok 04:16PM on October 13,2017
test 04:16PM on October 13,2017
ok 04:16PM on October 13,2017
course 04:16PM on October 13,2017
ok 04:17PM on October 13,2017
test 04:17PM on October 13,2017
ok 04:17PM on October 13,2017
discount 04:17PM on October 13,2017
ok 04:19PM on October 13,2017
test 04:19PM on October 13,2017
ok 04:20PM on October 13,2017
discount 04:20PM on October 13,2017
ok 04:22PM on October 13,2017
test 04:22PM on October 13,2017
ok 04:23PM on October 13,2017
test 04:23PM on October 13,2017
ok 04:23PM on October 13,2017
discount 04:23PM on October 13,2017
ok 04:23PM on October 13,2017
help 04:23PM on October 13,2017
ok 06:45PM on October 13,2017
discount 06:45PM on October 13,2017
ok 06:45PM on October 13,2017
help 06:45PM on October 13,2017
ok 07:05PM on October 13,2017
test 07:05PM on October 13,2017
ok 07:05PM on October 13,2017
discount 07:05PM on October 13,2017
ok 07:08PM on October 13,2017
ok 07:09PM on October 13,2017
help 07:09PM on October 13,2017
ok 07:11PM on October 13,2017
help 07:11PM on October 13,2017
ok 07:12PM on October 13,2017
ok 07:12PM on October 13,2017
3 07:12PM on October 13,2017
ok 07:12PM on October 13,2017
ok 07:13PM on October 13,2017
哈哈哈哈 07:13PM on October 13,2017
ok 07:13PM on October 13,2017
course 07:13PM on October 13,2017
ok 07:13PM on October 13,2017
危机管理 07:13PM on October 13,2017
ok 07:14PM on October 13,2017
要加个返回上一个问题 07:14PM on October 13,2017
ok 07:15PM on October 13,2017
so amazing. Thank you very much 07:15PM on October 13,2017
ok 07:15PM on October 13,2017
Sure it could 07:15PM on October 13,2017
ok 07:21PM on October 13,2017
这么厉害？ 07:21PM on October 13,2017
ok 07:21PM on October 13,2017
微信都可以写小插件？ 07:21PM on October 13,2017
ok 07:22PM on October 13,2017
 您出院了吗？ 07:22PM on October 13,2017
ok 07:25PM on October 13,2017
ok 07:52PM on October 13,2017
ok 08:06PM on October 13,2017
ok 08:12PM on October 13,2017
ok 08:12PM on October 13,2017
危机管理 08:12PM on October 13,2017
ok 08:13PM on October 13,2017
discount 08:13PM on October 13,2017
ok 08:15PM on October 13,2017
test 08:15PM on October 13,2017
ok 08:15PM on October 13,2017
危机管理 08:15PM on October 13,2017
ok 08:16PM on October 13,2017
ok 08:16PM on October 13,2017
discount 08:16PM on October 13,2017
ok 08:16PM on October 13,2017
ok 08:16PM on October 13,2017
ok 08:18PM on October 13,2017
ok 08:18PM on October 13,2017
ok 08:20PM on October 13,2017
ok 08:23PM on October 13,2017
ok 08:24PM on October 13,2017
